  Tetris.c
C:\Users\82104\Documents\GitHub\tetris\tetris\Tetris.c(372,40): warning C4047: 'function': 'int (*)[4]' differs in levels of indirection from 'int'
C:\Users\82104\Documents\GitHub\tetris\tetris\Tetris.c(372,30): warning C4024: 'getShapeLeftLoc': different types for formal and actual parameter 1
C:\Users\82104\Documents\GitHub\tetris\tetris\Tetris.c(375,45): warning C4047: 'function': 'int (*)[4]' differs in levels of indirection from 'int'
C:\Users\82104\Documents\GitHub\tetris\tetris\Tetris.c(375,35): warning C4024: 'getEachLeftLoc': different types for formal and actual parameter 1
C:\Users\82104\Documents\GitHub\tetris\tetris\Tetris.c(383,31): warning C4047: 'function': 'int (*)[4]' differs in levels of indirection from 'int'
C:\Users\82104\Documents\GitHub\tetris\tetris\Tetris.c(383,21): warning C4024: 'removeShape': different types for formal and actual parameter 2
C:\Users\82104\Documents\GitHub\tetris\tetris\Tetris.c(390,42): warning C4047: 'function': 'int (*)[4]' differs in levels of indirection from 'int'
C:\Users\82104\Documents\GitHub\tetris\tetris\Tetris.c(390,32): warning C4024: 'getShapeRightLoc': different types for formal and actual parameter 1
C:\Users\82104\Documents\GitHub\tetris\tetris\Tetris.c(393,45): warning C4047: 'function': 'int (*)[4]' differs in levels of indirection from 'int'
C:\Users\82104\Documents\GitHub\tetris\tetris\Tetris.c(393,35): warning C4024: 'getEachLeftLoc': different types for formal and actual parameter 1
C:\Users\82104\Documents\GitHub\tetris\tetris\Tetris.c(401,31): warning C4047: 'function': 'int (*)[4]' differs in levels of indirection from 'int'
C:\Users\82104\Documents\GitHub\tetris\tetris\Tetris.c(401,21): warning C4024: 'removeShape': different types for formal and actual parameter 2
C:\Users\82104\Documents\GitHub\tetris\tetris\Tetris.c(419,44): warning C4047: 'function': 'int (*)[4]' differs in levels of indirection from 'int'
C:\Users\82104\Documents\GitHub\tetris\tetris\Tetris.c(419,34): warning C4024: 'getShapeBottomLoc': different types for formal and actual parameter 1
C:\Users\82104\Documents\GitHub\tetris\tetris\Tetris.c(422,45): warning C4047: 'function': 'int (*)[4]' differs in levels of indirection from 'int'
C:\Users\82104\Documents\GitHub\tetris\tetris\Tetris.c(422,35): warning C4024: 'getEachBottomLoc': different types for formal and actual parameter 1
C:\Users\82104\Documents\GitHub\tetris\tetris\Tetris.c(429,27): warning C4047: 'function': 'int (*)[4]' differs in levels of indirection from 'int'
C:\Users\82104\Documents\GitHub\tetris\tetris\Tetris.c(429,17): warning C4024: 'fixShape': different types for formal and actual parameter 2
C:\Users\82104\Documents\GitHub\tetris\tetris\Tetris.c(436,30): warning C4047: 'function': 'int (*)[4]' differs in levels of indirection from 'int'
C:\Users\82104\Documents\GitHub\tetris\tetris\Tetris.c(436,20): warning C4024: 'removeShape': different types for formal and actual parameter 2
C:\Users\82104\Documents\GitHub\tetris\tetris\Tetris.c(467,26): warning C4047: 'function': 'int' differs in levels of indirection from 'int (*)[4]'
C:\Users\82104\Documents\GitHub\tetris\tetris\Tetris.c(467,16): warning C4024: 'goRight': different types for formal and actual parameter 2
C:\Users\82104\Documents\GitHub\tetris\tetris\Tetris.c(468,42): warning C4047: 'function': 'int' differs in levels of indirection from 'int (*)[4]'
C:\Users\82104\Documents\GitHub\tetris\tetris\Tetris.c(468,32): warning C4024: 'goRight': different types for formal and actual parameter 2
C:\Users\82104\Documents\GitHub\tetris\tetris\Tetris.c(473,25): warning C4047: 'function': 'int' differs in levels of indirection from 'int (*)[4]'
C:\Users\82104\Documents\GitHub\tetris\tetris\Tetris.c(473,15): warning C4024: 'goLeft': different types for formal and actual parameter 2
C:\Users\82104\Documents\GitHub\tetris\tetris\Tetris.c(474,42): warning C4047: 'function': 'int' differs in levels of indirection from 'int (*)[4]'
C:\Users\82104\Documents\GitHub\tetris\tetris\Tetris.c(474,32): warning C4024: 'goLeft': different types for formal and actual parameter 2
C:\Users\82104\Documents\GitHub\tetris\tetris\Tetris.c(486,44): warning C4047: 'function': 'int (*)[4]' differs in levels of indirection from 'int'
C:\Users\82104\Documents\GitHub\tetris\tetris\Tetris.c(486,34): warning C4024: 'getShapeBottomLoc': different types for formal and actual parameter 1
C:\Users\82104\Documents\GitHub\tetris\tetris\Tetris.c(489,45): warning C4047: 'function': 'int (*)[4]' differs in levels of indirection from 'int'
C:\Users\82104\Documents\GitHub\tetris\tetris\Tetris.c(489,35): warning C4024: 'getEachBottomLoc': different types for formal and actual parameter 1
C:\Users\82104\Documents\GitHub\tetris\tetris\Tetris.c(497,28): warning C4047: 'function': 'int (*)[4]' differs in levels of indirection from 'int'
C:\Users\82104\Documents\GitHub\tetris\tetris\Tetris.c(497,18): warning C4024: 'fixShape': different types for formal and actual parameter 2
C:\Users\82104\Documents\GitHub\tetris\tetris\Tetris.c(504,31): warning C4047: 'function': 'int (*)[4]' differs in levels of indirection from 'int'
C:\Users\82104\Documents\GitHub\tetris\tetris\Tetris.c(504,21): warning C4024: 'removeShape': different types for formal and actual parameter 2
C:\Users\82104\Documents\GitHub\tetris\tetris\Tetris.c(620,39): warning C4047: 'function': 'int' differs in levels of indirection from 'int [4][4]'
C:\Users\82104\Documents\GitHub\tetris\tetris\Tetris.c(620,29): warning C4024: 'goDown': different types for formal and actual parameter 2
C:\Users\82104\Documents\GitHub\tetris\tetris\Tetris.c(630,27): warning C4047: 'function': 'int' differs in levels of indirection from 'int [4][4]'
C:\Users\82104\Documents\GitHub\tetris\tetris\Tetris.c(630,17): warning C4024: 'goSpace': different types for formal and actual parameter 2
C:\Users\82104\Documents\GitHub\tetris\tetris\Tetris.c(638,27): warning C4047: 'function': 'int' differs in levels of indirection from 'int [4][4]'
C:\Users\82104\Documents\GitHub\tetris\tetris\Tetris.c(638,17): warning C4024: 'goLeft': different types for formal and actual parameter 2
C:\Users\82104\Documents\GitHub\tetris\tetris\Tetris.c(641,28): warning C4047: 'function': 'int' differs in levels of indirection from 'int [4][4]'
C:\Users\82104\Documents\GitHub\tetris\tetris\Tetris.c(641,18): warning C4024: 'goRight': different types for formal and actual parameter 2
C:\Users\82104\Documents\GitHub\tetris\tetris\Tetris.c(416): warning C4716: 'fixShape': must return a value
  tetris.vcxproj -> C:\Users\82104\Documents\GitHub\tetris\tetris\x64\Debug\tetris.exe
